0 info it worked if it ends with ok
1 verbose cli [ '/usr/bin/node', '/usr/bin/npm', 'install' ]
2 info using npm@1.4.28
3 info using node@v0.10.38
4 verbose node symlink /usr/bin/node
5 verbose readDependencies using package.json deps
6 verbose install where, deps [ '/home/matheus/my-socail-network',
6 verbose install   [ 'express', 'jade', 'mongoose' ] ]
7 info preinstall my-socail-network@0.0.1
8 verbose readDependencies using package.json deps
9 verbose cache add [ 'jade@~1.11.0', null ]
10 verbose cache add name=undefined spec="jade@~1.11.0" args=["jade@~1.11.0",null]
11 verbose parsed url { protocol: null,
11 verbose parsed url   slashes: null,
11 verbose parsed url   auth: null,
11 verbose parsed url   host: null,
11 verbose parsed url   port: null,
11 verbose parsed url   hostname: null,
11 verbose parsed url   hash: null,
11 verbose parsed url   search: null,
11 verbose parsed url   query: null,
11 verbose parsed url   pathname: 'jade@~1.11.0',
11 verbose parsed url   path: 'jade@~1.11.0',
11 verbose parsed url   href: 'jade@~1.11.0' }
12 verbose cache add [ 'mongoose@>= 2.6.5', null ]
13 verbose cache add name=undefined spec="mongoose@>= 2.6.5" args=["mongoose@>= 2.6.5",null]
14 verbose parsed url { protocol: null,
14 verbose parsed url   slashes: null,
14 verbose parsed url   auth: null,
14 verbose parsed url   host: null,
14 verbose parsed url   port: null,
14 verbose parsed url   hostname: null,
14 verbose parsed url   hash: null,
14 verbose parsed url   search: null,
14 verbose parsed url   query: null,
14 verbose parsed url   pathname: 'mongoose@%3E=%202.6.5',
14 verbose parsed url   path: 'mongoose@%3E=%202.6.5',
14 verbose parsed url   href: 'mongoose@%3E=%202.6.5' }
15 verbose cache add name="jade" spec="~1.11.0" args=["jade","~1.11.0"]
16 verbose parsed url { protocol: null,
16 verbose parsed url   slashes: null,
16 verbose parsed url   auth: null,
16 verbose parsed url   host: null,
16 verbose parsed url   port: null,
16 verbose parsed url   hostname: null,
16 verbose parsed url   hash: null,
16 verbose parsed url   search: null,
16 verbose parsed url   query: null,
16 verbose parsed url   pathname: '~1.11.0',
16 verbose parsed url   path: '~1.11.0',
16 verbose parsed url   href: '~1.11.0' }
17 verbose addNamed [ 'jade', '~1.11.0' ]
18 verbose addNamed [ null, '>=1.11.0-0 <1.12.0-0' ]
19 verbose cache add [ 'express@~3.0.0', null ]
20 verbose cache add name=undefined spec="express@~3.0.0" args=["express@~3.0.0",null]
21 verbose parsed url { protocol: null,
21 verbose parsed url   slashes: null,
21 verbose parsed url   auth: null,
21 verbose parsed url   host: null,
21 verbose parsed url   port: null,
21 verbose parsed url   hostname: null,
21 verbose parsed url   hash: null,
21 verbose parsed url   search: null,
21 verbose parsed url   query: null,
21 verbose parsed url   pathname: 'express@~3.0.0',
21 verbose parsed url   path: 'express@~3.0.0',
21 verbose parsed url   href: 'express@~3.0.0' }
22 verbose cache add name="mongoose" spec=">= 2.6.5" args=["mongoose",">= 2.6.5"]
23 verbose parsed url { protocol: null,
23 verbose parsed url   slashes: null,
23 verbose parsed url   auth: null,
23 verbose parsed url   host: null,
23 verbose parsed url   port: null,
23 verbose parsed url   hostname: null,
23 verbose parsed url   hash: null,
23 verbose parsed url   search: null,
23 verbose parsed url   query: null,
23 verbose parsed url   pathname: '%3E=%202.6.5',
23 verbose parsed url   path: '%3E=%202.6.5',
23 verbose parsed url   href: '%3E=%202.6.5' }
24 verbose addNamed [ 'mongoose', '>= 2.6.5' ]
25 verbose addNamed [ null, '>=2.6.5' ]
26 silly lockFile 963bf43e-jade-1-11-0 jade@~1.11.0
27 verbose lock jade@~1.11.0 /home/matheus/.npm/963bf43e-jade-1-11-0.lock
28 silly lockFile 6720ecac-mongoose-2-6-5 mongoose@>= 2.6.5
29 verbose lock mongoose@>= 2.6.5 /home/matheus/.npm/6720ecac-mongoose-2-6-5.lock
30 verbose cache add name="express" spec="~3.0.0" args=["express","~3.0.0"]
31 verbose parsed url { protocol: null,
31 verbose parsed url   slashes: null,
31 verbose parsed url   auth: null,
31 verbose parsed url   host: null,
31 verbose parsed url   port: null,
31 verbose parsed url   hostname: null,
31 verbose parsed url   hash: null,
31 verbose parsed url   search: null,
31 verbose parsed url   query: null,
31 verbose parsed url   pathname: '~3.0.0',
31 verbose parsed url   path: '~3.0.0',
31 verbose parsed url   href: '~3.0.0' }
32 verbose addNamed [ 'express', '~3.0.0' ]
33 verbose addNamed [ null, '>=3.0.0-0 <3.1.0-0' ]
34 silly lockFile 4352f67d-express-3-0-0 express@~3.0.0
35 verbose lock express@~3.0.0 /home/matheus/.npm/4352f67d-express-3-0-0.lock
36 silly addNameRange { name: 'jade', range: '>=1.11.0-0 <1.12.0-0', hasData: false }
37 silly addNameRange { name: 'mongoose', range: '>=2.6.5', hasData: false }
38 silly addNameRange { name: 'express', range: '>=3.0.0-0 <3.1.0-0', hasData: false }
39 verbose request where is /express
40 verbose request registry https://registry.npmjs.org/
41 verbose request id d5e1a22a99cf0ccc
42 verbose url raw /express
43 verbose url resolving [ 'https://registry.npmjs.org/', './express' ]
44 verbose url resolved https://registry.npmjs.org/express
45 verbose request where is https://registry.npmjs.org/express
46 info trying registry request attempt 1 at 21:51:03
47 verbose etag "DSYQJ1NF8891TA3MMGMM0CKH8"
48 http GET https://registry.npmjs.org/express
49 verbose request where is /mongoose
50 verbose request registry https://registry.npmjs.org/
51 verbose url raw /mongoose
52 verbose url resolving [ 'https://registry.npmjs.org/', './mongoose' ]
53 verbose url resolved https://registry.npmjs.org/mongoose
54 verbose request where is https://registry.npmjs.org/mongoose
55 info trying registry request attempt 1 at 21:51:03
56 verbose etag "7B9YFA1D2Y8HQ6FSAZV115ACK"
57 http GET https://registry.npmjs.org/mongoose
58 verbose request where is /jade
59 verbose request registry https://registry.npmjs.org/
60 verbose url raw /jade
61 verbose url resolving [ 'https://registry.npmjs.org/', './jade' ]
62 verbose url resolved https://registry.npmjs.org/jade
63 verbose request where is https://registry.npmjs.org/jade
64 info trying registry request attempt 1 at 21:51:03
65 verbose etag "BXYWHQY80P2PLKZYGDVPESYYI"
66 http GET https://registry.npmjs.org/jade
67 http 304 https://registry.npmjs.org/express
68 silly registry.get cb [ 304,
68 silly registry.get   { date: 'Sun, 12 Jul 2015 00:51:04 GMT',
68 silly registry.get     via: '1.1 varnish',
68 silly registry.get     'cache-control': 'max-age=60',
68 silly registry.get     etag: '"DSYQJ1NF8891TA3MMGMM0CKH8"',
68 silly registry.get     age: '42',
68 silly registry.get     connection: 'keep-alive',
68 silly registry.get     'x-served-by': 'cache-jfk1027-JFK',
68 silly registry.get     'x-cache': 'HIT',
68 silly registry.get     'x-cache-hits': '1',
68 silly registry.get     'x-timer': 'S1436662264.511339,VS0,VE3',
68 silly registry.get     vary: 'Accept' } ]
69 verbose etag https://registry.npmjs.org/express from cache
70 silly addNameRange number 2 { name: 'express', range: '>=3.0.0-0 <3.1.0-0', hasData: true }
71 silly addNameRange versions [ 'express',
71 silly addNameRange   [ '0.14.0',
71 silly addNameRange     '0.14.1',
71 silly addNameRange     '1.0.0',
71 silly addNameRange     '1.0.1',
71 silly addNameRange     '1.0.2',
71 silly addNameRange     '1.0.3',
71 silly addNameRange     '1.0.4',
71 silly addNameRange     '1.0.5',
71 silly addNameRange     '1.0.6',
71 silly addNameRange     '1.0.7',
71 silly addNameRange     '1.0.8',
71 silly addNameRange     '2.0.0',
71 silly addNameRange     '2.1.0',
71 silly addNameRange     '2.1.1',
71 silly addNameRange     '2.2.0',
71 silly addNameRange     '2.2.1',
71 silly addNameRange     '2.2.2',
71 silly addNameRange     '2.3.0',
71 silly addNameRange     '2.3.1',
71 silly addNameRange     '2.3.2',
71 silly addNameRange     '2.3.3',
71 silly addNameRange     '2.3.4',
71 silly addNameRange     '2.3.5',
71 silly addNameRange     '2.3.6',
71 silly addNameRange     '2.3.7',
71 silly addNameRange     '2.3.8',
71 silly addNameRange     '2.3.9',
71 silly addNameRange     '2.3.10',
71 silly addNameRange     '2.3.11',
71 silly addNameRange     '2.3.12',
71 silly addNameRange     '2.4.0',
71 silly addNameRange     '2.4.1',
71 silly addNameRange     '2.4.2',
71 silly addNameRange     '2.4.3',
71 silly addNameRange     '2.4.4',
71 silly addNameRange     '2.4.5',
71 silly addNameRange     '2.4.6',
71 silly addNameRange     '2.4.7',
71 silly addNameRange     '2.5.0',
71 silly addNameRange     '2.5.1',
71 silly addNameRange     '2.5.2',
71 silly addNameRange     '2.5.3',
71 silly addNameRange     '2.5.4',
71 silly addNameRange     '2.5.5',
71 silly addNameRange     '2.5.6',
71 silly addNameRange     '2.5.7',
71 silly addNameRange     '2.5.8',
71 silly addNameRange     '2.5.9',
71 silly addNameRange     '2.5.10',
71 silly addNameRange     '2.5.11',
71 silly addNameRange     '3.0.0',
71 silly addNameRange     '3.0.1',
71 silly addNameRange     '3.0.2',
71 silly addNameRange     '3.0.3',
71 silly addNameRange     '3.0.4',
71 silly addNameRange     '3.0.5',
71 silly addNameRange     '3.0.6',
71 silly addNameRange     '3.1.0',
71 silly addNameRange     '3.1.1',
71 silly addNameRange     '3.1.2',
71 silly addNameRange     '3.2.0',
71 silly addNameRange     '3.2.1',
71 silly addNameRange     '3.2.2',
71 silly addNameRange     '3.2.3',
71 silly addNameRange     '3.2.4',
71 silly addNameRange     '3.2.5',
71 silly addNameRange     '3.2.6',
71 silly addNameRange     '3.3.0',
71 silly addNameRange     '3.3.1',
71 silly addNameRange     '3.3.2',
71 silly addNameRange     '3.3.3',
71 silly addNameRange     '3.3.4',
71 silly addNameRange     '3.3.5',
71 silly addNameRange     '3.3.6',
71 silly addNameRange     '1.0.0-beta',
71 silly addNameRange     '1.0.0-beta2',
71 silly addNameRange     '1.0.0-rc',
71 silly addNameRange     '1.0.0-rc2',
71 silly addNameRange     '1.0.0-rc3',
71 silly addNameRange     '1.0.0-rc4',
71 silly addNameRange     '2.0.0-beta',
71 silly addNameRange     '2.0.0-beta2',
71 silly addNameRange     '2.0.0-beta3',
71 silly addNameRange     '2.0.0-rc',
71 silly addNameRange     '2.0.0-rc2',
71 silly addNameRange     '2.0.0-rc3',
71 silly addNameRange     '3.0.0-alpha1',
71 silly addNameRange     '3.0.0-alpha2',
71 silly addNameRange     '3.0.0-alpha3',
71 silly addNameRange     '3.0.0-alpha4',
71 silly addNameRange     '3.0.0-alpha5',
71 silly addNameRange     '3.0.0-beta1',
71 silly addNameRange     '3.0.0-beta2',
71 silly addNameRange     '3.0.0-beta3',
71 silly addNameRange     '3.0.0-beta4',
71 silly addNameRange     '3.0.0-beta6',
71 silly addNameRange     '3.0.0-beta7',
71 silly addNameRange     '3.0.0-rc1',
71 silly addNameRange     '3.0.0-rc2',
71 silly addNameRange     '3.0.0-rc3',
71 silly addNameRange     '3.0.0-rc4',
71 silly addNameRange     '3.0.0-rc5',
71 silly addNameRange     '3.3.7',
71 silly addNameRange     '3.3.8',
71 silly addNameRange     '3.4.0',
71 silly addNameRange     '3.4.1',
71 silly addNameRange     '3.4.2',
71 silly addNameRange     '3.4.3',
71 silly addNameRange     '3.4.4',
71 silly addNameRange     '3.4.5',
71 silly addNameRange     '3.4.6',
71 silly addNameRange     '3.4.7',
71 silly addNameRange     '3.4.8',
71 silly addNameRange     '4.0.0-rc1',
71 silly addNameRange     '4.0.0-rc2',
71 silly addNameRange     '3.5.0',
71 silly addNameRange     '4.0.0-rc3',
71 silly addNameRange     '4.0.0-rc4',
71 silly addNameRange     '3.5.1',
71 silly addNameRange     '4.0.0',
71 silly addNameRange     '3.5.2',
71 silly addNameRange     '4.1.0',
71 silly addNameRange     '4.1.1',
71 silly addNameRange     '3.5.3',
71 silly addNameRange     '4.1.2',
71 silly addNameRange     '3.6.0',
71 silly addNameRange     '4.2.0',
71 silly addNameRange     '3.7.0',
71 silly addNameRange     '3.8.0',
71 silly addNameRange     '4.3.0',
71 silly addNameRange     '4.3.1',
71 silly addNameRange     '3.8.1',
71 silly addNameRange     '4.3.2',
71 silly addNameRange     '3.9.0',
71 silly addNameRange     '4.4.0',
71 silly addNameRange     '4.4.1',
71 silly addNameRange     '3.10.0',
71 silly addNameRange     '3.10.1',
71 silly addNameRange     '3.10.2',
71 silly addNameRange     '3.10.3',
71 silly addNameRange     '3.10.4',
71 silly addNameRange     '4.4.2',
71 silly addNameRange     '3.10.5',
71 silly addNameRange     '4.4.3',
71 silly addNameRange     '3.11.0',
71 silly addNameRange     '4.4.4',
71 silly addNameRange     '3.12.0',
71 silly addNameRange     '3.12.1',
71 silly addNameRange     '4.4.5',
71 silly addNameRange     '3.13.0',
71 silly addNameRange     '4.5.0',
71 silly addNameRange     '4.5.1',
71 silly addNameRange     '3.14.0',
71 silly addNameRange     '4.6.0',
71 silly addNameRange     '4.6.1',
71 silly addNameRange     '3.15.0',
71 silly addNameRange     '4.7.0',
71 silly addNameRange     '3.15.1',
71 silly addNameRange     '4.7.1',
71 silly addNameRange     '3.15.2',
71 silly addNameRange     '4.7.2',
71 silly addNameRange     '4.7.3',
71 silly addNameRange     '3.15.3',
71 silly addNameRange     '4.7.4',
71 silly addNameRange     '3.16.0',
71 silly addNameRange     '4.8.0',
71 silly addNameRange     '3.16.1',
71 silly addNameRange     '4.8.1',
71 silly addNameRange     '3.16.2',
71 silly addNameRange     '4.8.2',
71 silly addNameRange     '3.16.3',
71 silly addNameRange     '3.16.4',
71 silly addNameRange     '4.8.3',
71 silly addNameRange     '3.16.5',
71 silly addNameRange     '3.16.6',
71 silly addNameRange     '4.8.4',
71 silly addNameRange     '3.16.7',
71 silly addNameRange     '4.8.5',
71 silly addNameRange     '3.16.8',
71 silly addNameRange     '4.8.6',
71 silly addNameRange     '3.16.9',
71 silly addNameRange     '4.8.7',
71 silly addNameRange     '3.16.10',
71 silly addNameRange     '4.8.8',
71 silly addNameRange     '3.17.0',
71 silly addNameRange     '3.17.1',
71 silly addNameRange     '4.9.0',
71 silly addNameRange     '3.17.2',
71 silly addNameRange     '4.9.1',
71 silly addNameRange     '4.9.2',
71 silly addNameRange     '3.17.3',
71 silly addNameRange     '4.9.3',
71 silly addNameRange     '3.17.4',
71 silly addNameRange     '4.9.4',
71 silly addNameRange     '3.17.5',
71 silly addNameRange     '4.9.5',
71 silly addNameRange     '3.17.6',
71 silly addNameRange     '3.17.7',
71 silly addNameRange     '4.9.6',
71 silly addNameRange     '4.9.7',
71 silly addNameRange     '3.17.8',
71 silly addNameRange     '4.9.8',
71 silly addNameRange     '3.18.0',
71 silly addNameRange     '3.18.1',
71 silly addNameRange     '4.10.0',
71 silly addNameRange     '3.18.2',
71 silly addNameRange     '4.10.1',
71 silly addNameRange     '5.0.0-alpha.1',
71 silly addNameRange     '3.18.3',
71 silly addNameRange     '4.10.2',
71 silly addNameRange     '3.18.4',
71 silly addNameRange     '4.10.3',
71 silly addNameRange     '4.10.4',
71 silly addNameRange     '4.10.5',
71 silly addNameRange     '3.18.5',
71 silly addNameRange     '3.18.6',
71 silly addNameRange     '4.10.6',
71 silly addNameRange     '4.10.7',
71 silly addNameRange     '3.19.0',
71 silly addNameRange     '4.10.8',
71 silly addNameRange     '4.11.0',
71 silly addNameRange     '3.19.1',
71 silly addNameRange     '4.11.1',
71 silly addNameRange     '3.19.2',
71 silly addNameRange     '4.11.2',
71 silly addNameRange     '3.20.0',
71 silly addNameRange     '4.12.0',
71 silly addNameRange     '3.20.1',
71 silly addNameRange     '4.12.1',
71 silly addNameRange     '4.12.2',
71 silly addNameRange     '3.20.2',
71 silly addNameRange     '4.12.3',
71 silly addNameRange     '3.20.3',
71 silly addNameRange     '4.12.4',
71 silly addNameRange     '3.21.0',
71 silly addNameRange     '4.13.0',
71 silly addNameRange     '3.21.1',
71 silly addNameRange     '4.13.1',
71 silly addNameRange     '5.0.0-alpha.2' ] ]
72 verbose addNamed [ 'express', '3.0.6' ]
73 verbose addNamed [ '3.0.6', '3.0.6' ]
74 silly lockFile e902e1c0-express-3-0-6 express@3.0.6
75 verbose lock express@3.0.6 /home/matheus/.npm/e902e1c0-express-3-0-6.lock
76 silly lockFile 78f5258d-js-org-express-express-3-0-6-tgz https://registry.npmjs.org/express/-/express-3.0.6.tgz
77 verbose lock https://registry.npmjs.org/express/-/express-3.0.6.tgz /home/matheus/.npm/78f5258d-js-org-express-express-3-0-6-tgz.lock
78 verbose addRemoteTarball [ 'https://registry.npmjs.org/express/-/express-3.0.6.tgz',
78 verbose addRemoteTarball   'd274fcb868b95788bf4af62168d75d13fd77d8b4' ]
79 info retry fetch attempt 1 at 21:51:04
80 verbose fetch to= /tmp/npm-7869-i-OvPzDk/registry.npmjs.org/express/-/express-3.0.6.tgz
81 http GET https://registry.npmjs.org/express/-/express-3.0.6.tgz
82 http 304 https://registry.npmjs.org/jade
83 silly registry.get cb [ 304,
83 silly registry.get   { date: 'Sun, 12 Jul 2015 00:51:04 GMT',
83 silly registry.get     via: '1.1 varnish',
83 silly registry.get     'cache-control': 'max-age=60',
83 silly registry.get     etag: '"BXYWHQY80P2PLKZYGDVPESYYI"',
83 silly registry.get     age: '0',
83 silly registry.get     connection: 'keep-alive',
83 silly registry.get     'x-served-by': 'cache-jfk1034-JFK',
83 silly registry.get     'x-cache': 'HIT',
83 silly registry.get     'x-cache-hits': '1',
83 silly registry.get     'x-timer': 'S1436662264.553673,VS0,VE79',
83 silly registry.get     vary: 'Accept' } ]
84 verbose etag https://registry.npmjs.org/jade from cache
85 silly addNameRange number 2 { name: 'jade', range: '>=1.11.0-0 <1.12.0-0', hasData: true }
86 silly addNameRange versions [ 'jade',
86 silly addNameRange   [ '0.0.1',
86 silly addNameRange     '0.0.2',
86 silly addNameRange     '0.1.0',
86 silly addNameRange     '0.2.0',
86 silly addNameRange     '0.2.1',
86 silly addNameRange     '0.2.2',
86 silly addNameRange     '0.2.3',
86 silly addNameRange     '0.2.4',
86 silly addNameRange     '0.3.0',
86 silly addNameRange     '0.4.0',
86 silly addNameRange     '0.4.1',
86 silly addNameRange     '0.5.0',
86 silly addNameRange     '0.5.1',
86 silly addNameRange     '0.5.2',
86 silly addNameRange     '0.5.3',
86 silly addNameRange     '0.5.4',
86 silly addNameRange     '0.5.5',
86 silly addNameRange     '0.5.6',
86 silly addNameRange     '0.5.7',
86 silly addNameRange     '0.6.0',
86 silly addNameRange     '0.6.1',
86 silly addNameRange     '0.6.3',
86 silly addNameRange     '0.7.0',
86 silly addNameRange     '0.7.1',
86 silly addNameRange     '0.8.0',
86 silly addNameRange     '0.8.1',
86 silly addNameRange     '0.8.2',
86 silly addNameRange     '0.8.3',
86 silly addNameRange     '0.8.4',
86 silly addNameRange     '0.8.5',
86 silly addNameRange     '0.8.6',
86 silly addNameRange     '0.8.7',
86 silly addNameRange     '0.8.8',
86 silly addNameRange     '0.8.9',
86 silly addNameRange     '0.9.0',
86 silly addNameRange     '0.9.1',
86 silly addNameRange     '0.9.2',
86 silly addNameRange     '0.9.3',
86 silly addNameRange     '0.10.0',
86 silly addNameRange     '0.10.1',
86 silly addNameRange     '0.10.2',
86 silly addNameRange     '0.10.3',
86 silly addNameRange     '0.10.4',
86 silly addNameRange     '0.10.5',
86 silly addNameRange     '0.10.6',
86 silly addNameRange     '0.10.7',
86 silly addNameRange     '0.11.0',
86 silly addNameRange     '0.11.1',
86 silly addNameRange     '0.12.0',
86 silly addNameRange     '0.12.1',
86 silly addNameRange     '0.12.2',
86 silly addNameRange     '0.12.3',
86 silly addNameRange     '0.12.4',
86 silly addNameRange     '0.13.0',
86 silly addNameRange     '0.14.0',
86 silly addNameRange     '0.14.1',
86 silly addNameRange     '0.14.2',
86 silly addNameRange     '0.15.0',
86 silly addNameRange     '0.15.1',
86 silly addNameRange     '0.15.2',
86 silly addNameRange     '0.15.3',
86 silly addNameRange     '0.15.4',
86 silly addNameRange     '0.16.0',
86 silly addNameRange     '0.16.1',
86 silly addNameRange     '0.16.2',
86 silly addNameRange     '0.16.3',
86 silly addNameRange     '0.16.4',
86 silly addNameRange     '0.17.0',
86 silly addNameRange     '0.18.0',
86 silly addNameRange     '0.19.0',
86 silly addNameRange     '0.20.0',
86 silly addNameRange     '0.20.1',
86 silly addNameRange     '0.20.2',
86 silly addNameRange     '0.20.3',
86 silly addNameRange     '0.21.0',
86 silly addNameRange     '0.22.0',
86 silly addNameRange     '0.22.1',
86 silly addNameRange     '0.23.0',
86 silly addNameRange     '0.24.0',
86 silly addNameRange     '0.25.0',
86 silly addNameRange     '0.26.0',
86 silly addNameRange     '0.26.1',
86 silly addNameRange     '0.26.2',
86 silly addNameRange     '0.26.3',
86 silly addNameRange     '0.27.0',
86 silly addNameRange     '0.27.1',
86 silly addNameRange     '0.27.2',
86 silly addNameRange     '0.27.3',
86 silly addNameRange     '0.27.4',
86 silly addNameRange     '0.27.5',
86 silly addNameRange     '0.27.6',
86 silly addNameRange     '0.27.7',
86 silly addNameRange     '0.28.0',
86 silly addNameRange     '0.28.1',
86 silly addNameRange     '0.28.2',
86 silly addNameRange     '0.29.0',
86 silly addNameRange     '0.30.0',
86 silly addNameRange     '0.31.0',
86 silly addNameRange     '0.31.1',
86 silly addNameRange     '0.31.2',
86 silly addNameRange     '0.32.0',
86 silly addNameRange     '0.33.0',
86 silly addNameRange     '0.34.0',
86 silly addNameRange     '0.34.1',
86 silly addNameRange     '0.35.0',
86 silly addNameRange     '1.0.0',
86 silly addNameRange     '1.0.1',
86 silly addNameRange     '1.0.2',
86 silly addNameRange     '1.1.0',
86 silly addNameRange     '1.1.1',
86 silly addNameRange     '1.1.2',
86 silly addNameRange     '1.1.3',
86 silly addNameRange     '1.1.4',
86 silly addNameRange     '1.1.5',
86 silly addNameRange     '1.2.0',
86 silly addNameRange     '1.3.0',
86 silly addNameRange     '1.3.1',
86 silly addNameRange     '1.4.0',
86 silly addNameRange     '1.4.1',
86 silly addNameRange     '1.4.2',
86 silly addNameRange     '1.5.0',
86 silly addNameRange     '1.6.0',
86 silly addNameRange     '1.7.0',
86 silly addNameRange     '1.8.0',
86 silly addNameRange     '1.8.1',
86 silly addNameRange     '1.8.2',
86 silly addNameRange     '1.9.0',
86 silly addNameRange     '1.9.1',
86 silly addNameRange     '1.9.2',
86 silly addNameRange     '1.10.0',
86 silly addNameRange     '1.11.0' ] ]
87 verbose addNamed [ 'jade', '1.11.0' ]
88 verbose addNamed [ '1.11.0', '1.11.0' ]
89 silly lockFile 3da033ff-jade-1-11-0 jade@1.11.0
90 verbose lock jade@1.11.0 /home/matheus/.npm/3da033ff-jade-1-11-0.lock
91 silly lockFile 3da033ff-jade-1-11-0 jade@1.11.0
92 silly lockFile 3da033ff-jade-1-11-0 jade@1.11.0
93 silly lockFile 963bf43e-jade-1-11-0 jade@~1.11.0
94 silly lockFile 963bf43e-jade-1-11-0 jade@~1.11.0
95 http 200 https://registry.npmjs.org/express/-/express-3.0.6.tgz
96 silly lockFile 78f5258d-js-org-express-express-3-0-6-tgz https://registry.npmjs.org/express/-/express-3.0.6.tgz
97 silly lockFile 78f5258d-js-org-express-express-3-0-6-tgz https://registry.npmjs.org/express/-/express-3.0.6.tgz
98 silly lockFile e902e1c0-express-3-0-6 express@3.0.6
99 silly lockFile e902e1c0-express-3-0-6 express@3.0.6
100 silly lockFile 4352f67d-express-3-0-0 express@~3.0.0
101 silly lockFile 4352f67d-express-3-0-0 express@~3.0.0
102 http 200 https://registry.npmjs.org/mongoose
103 silly registry.get cb [ 200,
103 silly registry.get   { server: 'CouchDB/1.5.0 (Erlang OTP/R16B03)',
103 silly registry.get     etag: '"4LLC6FJ7QPKQKUVDNK3ELJQ2H"',
103 silly registry.get     'content-type': 'application/json',
103 silly registry.get     'cache-control': 'max-age=60',
103 silly registry.get     'content-length': '335134',
103 silly registry.get     'accept-ranges': 'bytes',
103 silly registry.get     date: 'Sun, 12 Jul 2015 00:51:04 GMT',
103 silly registry.get     via: '1.1 varnish',
103 silly registry.get     age: '0',
103 silly registry.get     connection: 'keep-alive',
103 silly registry.get     'x-served-by': 'cache-jfk1027-JFK',
103 silly registry.get     'x-cache': 'HIT',
103 silly registry.get     'x-cache-hits': '1',
103 silly registry.get     'x-timer': 'S1436662264.525418,VS0,VE94',
103 silly registry.get     vary: 'Accept' } ]
104 silly addNameRange number 2 { name: 'mongoose', range: '>=2.6.5', hasData: true }
105 silly addNameRange versions [ 'mongoose',
105 silly addNameRange   [ '0.0.1',
105 silly addNameRange     '0.0.2',
105 silly addNameRange     '0.0.3',
105 silly addNameRange     '0.0.4',
105 silly addNameRange     '0.0.5',
105 silly addNameRange     '1.0.0',
105 silly addNameRange     '1.0.1',
105 silly addNameRange     '1.0.2',
105 silly addNameRange     '0.0.6',
105 silly addNameRange     '1.0.3',
105 silly addNameRange     '1.0.4',
105 silly addNameRange     '1.0.5',
105 silly addNameRange     '1.0.6',
105 silly addNameRange     '1.0.7',
105 silly addNameRange     '1.0.8',
105 silly addNameRange     '1.0.10',
105 silly addNameRange     '1.0.11',
105 silly addNameRange     '1.0.12',
105 silly addNameRange     '1.0.13',
105 silly addNameRange     '1.0.14',
105 silly addNameRange     '1.0.15',
105 silly addNameRange     '1.0.16',
105 silly addNameRange     '1.1.0',
105 silly addNameRange     '1.1.1',
105 silly addNameRange     '1.1.2',
105 silly addNameRange     '1.1.3',
105 silly addNameRange     '1.1.4',
105 silly addNameRange     '1.1.5',
105 silly addNameRange     '1.1.6',
105 silly addNameRange     '1.1.7',
105 silly addNameRange     '1.1.8',
105 silly addNameRange     '1.1.9',
105 silly addNameRange     '1.1.10',
105 silly addNameRange     '1.1.11',
105 silly addNameRange     '1.1.12',
105 silly addNameRange     '1.1.13',
105 silly addNameRange     '1.1.14',
105 silly addNameRange     '1.1.15',
105 silly addNameRange     '1.1.16',
105 silly addNameRange     '1.1.17',
105 silly addNameRange     '1.1.18',
105 silly addNameRange     '1.1.19',
105 silly addNameRange     '1.1.20',
105 silly addNameRange     '1.1.21',
105 silly addNameRange     '1.1.22',
105 silly addNameRange     '1.1.23',
105 silly addNameRange     '1.1.24',
105 silly addNameRange     '1.1.25',
105 silly addNameRange     '1.2.0',
105 silly addNameRange     '1.3.0',
105 silly addNameRange     '1.3.1',
105 silly addNameRange     '1.3.2',
105 silly addNameRange     '1.3.3',
105 silly addNameRange     '1.3.4',
105 silly addNameRange     '1.3.5',
105 silly addNameRange     '1.3.6',
105 silly addNameRange     '1.3.7',
105 silly addNameRange     '1.4.0',
105 silly addNameRange     '1.5.0',
105 silly addNameRange     '1.6.0',
105 silly addNameRange     '1.7.2',
105 silly addNameRange     '1.7.3',
105 silly addNameRange     '1.7.4',
105 silly addNameRange     '1.8.0',
105 silly addNameRange     '1.8.1',
105 silly addNameRange     '1.8.2',
105 silly addNameRange     '1.8.3',
105 silly addNameRange     '1.8.4',
105 silly addNameRange     '2.0.0',
105 silly addNameRange     '2.0.1',
105 silly addNameRange     '2.0.2',
105 silly addNameRange     '2.0.3',
105 silly addNameRange     '2.0.4',
105 silly addNameRange     '2.1.0',
105 silly addNameRange     '2.1.1',
105 silly addNameRange     '2.1.2',
105 silly addNameRange     '2.1.3',
105 silly addNameRange     '2.1.4',
105 silly addNameRange     '2.2.0',
105 silly addNameRange     '2.2.1',
105 silly addNameRange     '2.2.2',
105 silly addNameRange     '2.2.3',
105 silly addNameRange     '2.2.4',
105 silly addNameRange     '2.3.0',
105 silly addNameRange     '2.3.1',
105 silly addNameRange     '2.3.2',
105 silly addNameRange     '2.3.3',
105 silly addNameRange     '2.3.4',
105 silly addNameRange     '2.3.5',
105 silly addNameRange     '2.3.6',
105 silly addNameRange     '2.3.7',
105 silly addNameRange     '2.3.8',
105 silly addNameRange     '2.3.9',
105 silly addNameRange     '2.3.10',
105 silly addNameRange     '2.3.11',
105 silly addNameRange     '2.3.12',
105 silly addNameRange     '2.3.13',
105 silly addNameRange     '2.4.0',
105 silly addNameRange     '2.4.1',
105 silly addNameRange     '2.4.2',
105 silly addNameRange     '2.4.3',
105 silly addNameRange     '2.4.4',
105 silly addNameRange     '2.4.5',
105 silly addNameRange     '2.4.6',
105 silly addNameRange     '2.4.7',
105 silly addNameRange     '2.4.8',
105 silly addNameRange     '2.4.9',
105 silly addNameRange     '2.4.10',
105 silly addNameRange     '2.5.0',
105 silly addNameRange     '2.5.1',
105 silly addNameRange     '2.5.2',
105 silly addNameRange     '2.5.3',
105 silly addNameRange     '2.5.4',
105 silly addNameRange     '2.5.5',
105 silly addNameRange     '2.5.6',
105 silly addNameRange     '2.5.7',
105 silly addNameRange     '2.5.8',
105 silly addNameRange     '2.5.9',
105 silly addNameRange     '2.5.10',
105 silly addNameRange     '2.5.11',
105 silly addNameRange     '2.5.12',
105 silly addNameRange     '2.5.13',
105 silly addNameRange     '2.5.14',
105 silly addNameRange     '2.6.0',
105 silly addNameRange     '2.6.1',
105 silly addNameRange     '2.6.2',
105 silly addNameRange     '2.6.3',
105 silly addNameRange     '2.6.4',
105 silly addNameRange     '2.6.5',
105 silly addNameRange     '2.6.6',
105 silly addNameRange     '2.6.7',
105 silly addNameRange     '2.6.8',
105 silly addNameRange     '2.7.0',
105 silly addNameRange     '2.7.1',
105 silly addNameRange     '2.7.2',
105 silly addNameRange     '2.7.4',
105 silly addNameRange     '2.7.3',
105 silly addNameRange     '3.0.0',
105 silly addNameRange     '3.0.1',
105 silly addNameRange     '3.0.2',
105 silly addNameRange     '2.8.0',
105 silly addNameRange     '3.0.3',
105 silly addNameRange     '3.1.0',
105 silly addNameRange     '2.8.1',
105 silly addNameRange     '3.1.1',
105 silly addNameRange     '2.8.2',
105 silly addNameRange     '2.8.3',
105 silly addNameRange     '2.9.0',
105 silly addNameRange     '3.2.0',
105 silly addNameRange     '2.9.1',
105 silly addNameRange     '3.2.1',
105 silly addNameRange     '2.9.2',
105 silly addNameRange     '3.2.2',
105 silly addNameRange     '3.3.0',
105 silly addNameRange     '3.3.1',
105 silly addNameRange     '2.9.3',
105 silly addNameRange     '3.4.0',
105 silly addNameRange     '2.9.4',
105 silly addNameRange     '2.9.5',
105 silly addNameRange     '3.5.0',
105 silly addNameRange     '3.5.1',
105 silly addNameRange     '3.5.2',
105 silly addNameRange     '3.5.3',
105 silly addNameRange     '2.9.6',
105 silly addNameRange     '2.9.7',
105 silly addNameRange     '3.5.4',
105 silly addNameRange     '3.5.5',
105 silly addNameRange     '2.9.8',
105 silly addNameRange     '2.9.9',
105 silly addNameRange     '3.5.6',
105 silly addNameRange     '3.5.7',
105 silly addNameRange     '3.5.8',
105 silly addNameRange     '2.9.10',
105 silly addNameRange     '3.5.9',
105 silly addNameRange     '3.6.2',
105 silly addNameRange     '3.5.10',
105 silly addNameRange     '3.6.3',
105 silly addNameRange     '3.5.11',
105 silly addNameRange     '3.6.4',
105 silly addNameRange     '3.6.5',
105 silly addNameRange     '3.6.6',
105 silly addNameRange     '3.6.7',
105 silly addNameRange     '3.5.12',
105 silly addNameRange     '3.6.8',
105 silly addNameRange     '3.6.9',
105 silly addNameRange     '3.6.10',
105 silly addNameRange     '3.5.13',
105 silly addNameRange     '3.5.14',
105 silly addNameRange     '3.6.11',
105 silly addNameRange     '3.6.12',
105 silly addNameRange     '3.6.13',
105 silly addNameRange     '3.6.14',
105 silly addNameRange     '3.6.15',
105 silly addNameRange     '3.5.15',
105 silly addNameRange     '3.7.0',
105 silly addNameRange     '3.6.16',
105 silly addNameRange     '3.5.16',
105 silly addNameRange     '3.6.17',
105 silly addNameRange     '3.7.2',
105 silly addNameRange     '3.0.0-alpha1',
105 silly addNameRange     '3.0.0-alpha2',
105 silly addNameRange     '3.0.0-rc0',
105 silly addNameRange     '3.6.0-rc0',
105 silly addNameRange     '3.6.0-rc1',
105 silly addNameRange     '3.6.18',
105 silly addNameRange     '3.7.3',
105 silly addNameRange     '3.6.19',
105 silly addNameRange     '3.6.20',
105 silly addNameRange     '3.7.4',
105 silly addNameRange     '3.8.0',
105 silly addNameRange     '3.8.1',
105 silly addNameRange     '3.8.2',
105 silly addNameRange     '3.8.3',
105 silly addNameRange     '3.8.4',
105 silly addNameRange     '3.8.5',
105 silly addNameRange     '3.8.6',
105 silly addNameRange     '3.8.7',
105 silly addNameRange     '3.8.8',
105 silly addNameRange     '3.8.9',
105 silly addNameRange     '3.8.10',
105 silly addNameRange     '3.8.11',
105 silly addNameRange     '3.9.0',
105 silly addNameRange     '3.8.12',
105 silly addNameRange     '3.8.13',
105 silly addNameRange     '3.8.14',
105 silly addNameRange     '3.8.15',
105 silly addNameRange     '3.9.1',
105 silly addNameRange     '3.8.16',
105 silly addNameRange     '3.9.2',
105 silly addNameRange     '3.8.17',
105 silly addNameRange     '3.9.3',
105 silly addNameRange     '3.8.18',
105 silly addNameRange     '3.9.4',
105 silly addNameRange     '3.8.19',
105 silly addNameRange     '3.9.5',
105 silly addNameRange     '3.8.20',
105 silly addNameRange     '3.9.6',
105 silly addNameRange     '3.8.21',
105 silly addNameRange     '3.9.7',
105 silly addNameRange     '3.8.22',
105 silly addNameRange     '4.0.0-rc0',
105 silly addNameRange     '4.0.0-rc1',
105 silly addNameRange     '3.8.23',
105 silly addNameRange     '4.0.0-rc2',
105 silly addNameRange     '3.8.24',
105 silly addNameRange     '4.0.0-rc3',
105 silly addNameRange     '3.8.25',
105 silly addNameRange     '4.0.0-rc4',
105 silly addNameRange     '4.0.0',
105 silly addNameRange     '4.0.1',
105 silly addNameRange     '3.8.26',
105 silly addNameRange     '3.8.27',
105 silly addNameRange     '4.0.2',
105 silly addNameRange     '3.8.28',
105 silly addNameRange     '4.0.3',
105 silly addNameRange     '3.8.29',
105 silly addNameRange     '4.0.4',
105 silly addNameRange     '3.8.30',
105 silly addNameRange     '4.0.5',
105 silly addNameRange     '3.8.31',
105 silly addNameRange     '4.0.6',
105 silly addNameRange     '3.8.33',
105 silly addNameRange     '4.0.7' ] ]
106 verbose addNamed [ 'mongoose', '4.0.7' ]
107 verbose addNamed [ '4.0.7', '4.0.7' ]
108 silly lockFile 1a0fa3f4-mongoose-4-0-7 mongoose@4.0.7
109 verbose lock mongoose@4.0.7 /home/matheus/.npm/1a0fa3f4-mongoose-4-0-7.lock
110 silly lockFile 9f5051a9--org-mongoose-mongoose-4-0-7-tgz https://registry.npmjs.org/mongoose/-/mongoose-4.0.7.tgz
111 verbose lock https://registry.npmjs.org/mongoose/-/mongoose-4.0.7.tgz /home/matheus/.npm/9f5051a9--org-mongoose-mongoose-4-0-7-tgz.lock
112 verbose addRemoteTarball [ 'https://registry.npmjs.org/mongoose/-/mongoose-4.0.7.tgz',
112 verbose addRemoteTarball   '189d24d42cf0ccf419e392ea0b535c2b5f456767' ]
113 info retry fetch attempt 1 at 21:51:08
114 verbose fetch to= /tmp/npm-7869-i-OvPzDk/registry.npmjs.org/mongoose/-/mongoose-4.0.7.tgz
115 http GET https://registry.npmjs.org/mongoose/-/mongoose-4.0.7.tgz
116 http 200 https://registry.npmjs.org/mongoose/-/mongoose-4.0.7.tgz
117 silly lockFile 9f5051a9--org-mongoose-mongoose-4-0-7-tgz https://registry.npmjs.org/mongoose/-/mongoose-4.0.7.tgz
118 silly lockFile 9f5051a9--org-mongoose-mongoose-4-0-7-tgz https://registry.npmjs.org/mongoose/-/mongoose-4.0.7.tgz
119 silly lockFile 1a0fa3f4-mongoose-4-0-7 mongoose@4.0.7
120 silly lockFile 1a0fa3f4-mongoose-4-0-7 mongoose@4.0.7
121 silly lockFile 6720ecac-mongoose-2-6-5 mongoose@>= 2.6.5
122 silly lockFile 6720ecac-mongoose-2-6-5 mongoose@>= 2.6.5
123 error Error: EACCES, mkdir '/home/matheus/.npm/express/3.0.6'
123 error  { [Error: EACCES, mkdir '/home/matheus/.npm/express/3.0.6']
123 error   errno: 3,
123 error   code: 'EACCES',
123 error   path: '/home/matheus/.npm/express/3.0.6',
123 error   parent: 'my-socail-network' }
124 error Please try running this command again as root/Administrator.
125 error System Linux 3.2.0-51-generic
126 error command "/usr/bin/node" "/usr/bin/npm" "install"
127 error cwd /home/matheus/my-socail-network
128 error node -v v0.10.38
129 error npm -v 1.4.28
130 error path /home/matheus/.npm/express/3.0.6
131 error code EACCES
132 error errno 3
133 error stack Error: EACCES, mkdir '/home/matheus/.npm/express/3.0.6'
134 verbose exit [ 3, true ]
